<?xml version="1.0" encoding="UTF-8"?>
<!-- Generated by org.testng.reporters.JUnitReportReporter -->
<testsuite hostname="micromedia-PC" failures="0" tests="2" name="TestLayer.HomePageTest" time="21.117" errors="0" timestamp="2021-03-29T08:36:08 EDT" skipped="0">
  <testcase classname="TestLayer.HomePageTest" name="test" time="16.520"/>
  <system-out/>
  <testcase classname="TestLayer.HomePageTest" name="login" time="4.597"/>
  <system-out/>
</testsuite> <!-- TestLayer.HomePageTest -->
